2020-11-08 12:01:35,414 - SimpleLog4JLogSystem initialized using logfile 'velocity.log'
2020-11-08 12:01:35,414 - ************************************************************** 
2020-11-08 12:01:35,414 - Starting Jakarta Velocity v1.4
2020-11-08 12:01:35,414 - RuntimeInstance initializing.
2020-11-08 12:01:35,414 - Default Properties File: org\apache\velocity\runtime\defaults\velocity.properties
2020-11-08 12:01:35,414 - Trying to use logger class org.apache.velocity.runtime.log.SimpleLog4JLogSystem
2020-11-08 12:01:35,414 - Using logger class org.apache.velocity.runtime.log.SimpleLog4JLogSystem
2020-11-08 12:01:35,416 - Default ResourceManager initializing. (class org.apache.velocity.runtime.resource.ResourceManagerImpl)
2020-11-08 12:01:35,417 - Resource Loader Instantiated: org.apache.velocity.runtime.resource.loader.ClasspathResourceLoader
2020-11-08 12:01:35,417 - ClasspathResourceLoader : initialization starting.
2020-11-08 12:01:35,417 - ClasspathResourceLoader : initialization complete.
2020-11-08 12:01:35,417 - ResourceCache : initialized. (class org.apache.velocity.runtime.resource.ResourceCacheImpl)
2020-11-08 12:01:35,417 - Default ResourceManager initialization complete.
2020-11-08 12:01:35,418 - Loaded System Directive: org.apache.velocity.runtime.directive.Literal
2020-11-08 12:01:35,418 - Loaded System Directive: org.apache.velocity.runtime.directive.Macro
2020-11-08 12:01:35,419 - Loaded System Directive: org.apache.velocity.runtime.directive.Parse
2020-11-08 12:01:35,420 - Loaded System Directive: org.apache.velocity.runtime.directive.Include
2020-11-08 12:01:35,420 - Loaded System Directive: org.apache.velocity.runtime.directive.Foreach
2020-11-08 12:01:35,434 - Created: 20 parsers.
2020-11-08 12:01:35,436 - Velocimacro : initialization starting.
2020-11-08 12:01:35,436 - Velocimacro : adding VMs from VM library template : VM_global_library.vm
2020-11-08 12:01:35,438 - ResourceManager : unable to find resource 'VM_global_library.vm' in any resource loader.
2020-11-08 12:01:35,438 - Velocimacro : error using  VM library template VM_global_library.vm : org.apache.velocity.exception.ResourceNotFoundException: Unable to find resource 'VM_global_library.vm'
2020-11-08 12:01:35,438 - Velocimacro :  VM library template macro registration complete.
2020-11-08 12:01:35,438 - Velocimacro : allowInline = true : VMs can be defined inline in templates
2020-11-08 12:01:35,438 - Velocimacro : allowInlineToOverride = false : VMs defined inline may NOT replace previous VM definitions
2020-11-08 12:01:35,438 - Velocimacro : allowInlineLocal = false : VMs defined inline will be  global in scope if allowed.
2020-11-08 12:01:35,438 - Velocimacro : messages on  : VM system will output logging messages
2020-11-08 12:01:35,438 - Velocimacro : autoload off  : VM system will not automatically reload global library macros
2020-11-08 12:01:35,438 - Velocimacro : initialization complete.
2020-11-08 12:01:35,438 - Velocity successfully started.
2020-11-08 12:03:35,744 - SimpleLog4JLogSystem initialized using logfile 'velocity.log'
2020-11-08 12:03:35,744 - ************************************************************** 
2020-11-08 12:03:35,744 - Starting Jakarta Velocity v1.4
2020-11-08 12:03:35,744 - RuntimeInstance initializing.
2020-11-08 12:03:35,744 - Default Properties File: org\apache\velocity\runtime\defaults\velocity.properties
2020-11-08 12:03:35,744 - Trying to use logger class org.apache.velocity.runtime.log.SimpleLog4JLogSystem
2020-11-08 12:03:35,744 - Using logger class org.apache.velocity.runtime.log.SimpleLog4JLogSystem
2020-11-08 12:03:35,746 - Default ResourceManager initializing. (class org.apache.velocity.runtime.resource.ResourceManagerImpl)
2020-11-08 12:03:35,746 - Resource Loader Instantiated: org.apache.velocity.runtime.resource.loader.ClasspathResourceLoader
2020-11-08 12:03:35,746 - ClasspathResourceLoader : initialization starting.
2020-11-08 12:03:35,746 - ClasspathResourceLoader : initialization complete.
2020-11-08 12:03:35,747 - ResourceCache : initialized. (class org.apache.velocity.runtime.resource.ResourceCacheImpl)
2020-11-08 12:03:35,747 - Default ResourceManager initialization complete.
2020-11-08 12:03:35,748 - Loaded System Directive: org.apache.velocity.runtime.directive.Literal
2020-11-08 12:03:35,748 - Loaded System Directive: org.apache.velocity.runtime.directive.Macro
2020-11-08 12:03:35,749 - Loaded System Directive: org.apache.velocity.runtime.directive.Parse
2020-11-08 12:03:35,750 - Loaded System Directive: org.apache.velocity.runtime.directive.Include
2020-11-08 12:03:35,750 - Loaded System Directive: org.apache.velocity.runtime.directive.Foreach
2020-11-08 12:03:35,763 - Created: 20 parsers.
2020-11-08 12:03:35,765 - Velocimacro : initialization starting.
2020-11-08 12:03:35,765 - Velocimacro : adding VMs from VM library template : VM_global_library.vm
2020-11-08 12:03:35,767 - ResourceManager : unable to find resource 'VM_global_library.vm' in any resource loader.
2020-11-08 12:03:35,767 - Velocimacro : error using  VM library template VM_global_library.vm : org.apache.velocity.exception.ResourceNotFoundException: Unable to find resource 'VM_global_library.vm'
2020-11-08 12:03:35,767 - Velocimacro :  VM library template macro registration complete.
2020-11-08 12:03:35,767 - Velocimacro : allowInline = true : VMs can be defined inline in templates
2020-11-08 12:03:35,767 - Velocimacro : allowInlineToOverride = false : VMs defined inline may NOT replace previous VM definitions
2020-11-08 12:03:35,767 - Velocimacro : allowInlineLocal = false : VMs defined inline will be  global in scope if allowed.
2020-11-08 12:03:35,767 - Velocimacro : messages on  : VM system will output logging messages
2020-11-08 12:03:35,767 - Velocimacro : autoload off  : VM system will not automatically reload global library macros
2020-11-08 12:03:35,767 - Velocimacro : initialization complete.
2020-11-08 12:03:35,767 - Velocity successfully started.
2020-11-08 12:04:34,188 - SimpleLog4JLogSystem initialized using logfile 'velocity.log'
2020-11-08 12:04:34,188 - ************************************************************** 
2020-11-08 12:04:34,188 - Starting Jakarta Velocity v1.4
2020-11-08 12:04:34,188 - RuntimeInstance initializing.
2020-11-08 12:04:34,188 - Default Properties File: org\apache\velocity\runtime\defaults\velocity.properties
2020-11-08 12:04:34,188 - Trying to use logger class org.apache.velocity.runtime.log.SimpleLog4JLogSystem
2020-11-08 12:04:34,188 - Using logger class org.apache.velocity.runtime.log.SimpleLog4JLogSystem
2020-11-08 12:04:34,189 - Default ResourceManager initializing. (class org.apache.velocity.runtime.resource.ResourceManagerImpl)
2020-11-08 12:04:34,190 - Resource Loader Instantiated: org.apache.velocity.runtime.resource.loader.ClasspathResourceLoader
2020-11-08 12:04:34,190 - ClasspathResourceLoader : initialization starting.
2020-11-08 12:04:34,190 - ClasspathResourceLoader : initialization complete.
2020-11-08 12:04:34,190 - ResourceCache : initialized. (class org.apache.velocity.runtime.resource.ResourceCacheImpl)
2020-11-08 12:04:34,190 - Default ResourceManager initialization complete.
2020-11-08 12:04:34,191 - Loaded System Directive: org.apache.velocity.runtime.directive.Literal
2020-11-08 12:04:34,192 - Loaded System Directive: org.apache.velocity.runtime.directive.Macro
2020-11-08 12:04:34,192 - Loaded System Directive: org.apache.velocity.runtime.directive.Parse
2020-11-08 12:04:34,193 - Loaded System Directive: org.apache.velocity.runtime.directive.Include
2020-11-08 12:04:34,193 - Loaded System Directive: org.apache.velocity.runtime.directive.Foreach
2020-11-08 12:04:34,206 - Created: 20 parsers.
2020-11-08 12:04:34,208 - Velocimacro : initialization starting.
2020-11-08 12:04:34,208 - Velocimacro : adding VMs from VM library template : VM_global_library.vm
2020-11-08 12:04:34,210 - ResourceManager : unable to find resource 'VM_global_library.vm' in any resource loader.
2020-11-08 12:04:34,210 - Velocimacro : error using  VM library template VM_global_library.vm : org.apache.velocity.exception.ResourceNotFoundException: Unable to find resource 'VM_global_library.vm'
2020-11-08 12:04:34,210 - Velocimacro :  VM library template macro registration complete.
2020-11-08 12:04:34,210 - Velocimacro : allowInline = true : VMs can be defined inline in templates
2020-11-08 12:04:34,210 - Velocimacro : allowInlineToOverride = false : VMs defined inline may NOT replace previous VM definitions
2020-11-08 12:04:34,210 - Velocimacro : allowInlineLocal = false : VMs defined inline will be  global in scope if allowed.
2020-11-08 12:04:34,210 - Velocimacro : messages on  : VM system will output logging messages
2020-11-08 12:04:34,210 - Velocimacro : autoload off  : VM system will not automatically reload global library macros
2020-11-08 12:04:34,210 - Velocimacro : initialization complete.
2020-11-08 12:04:34,210 - Velocity successfully started.
2020-11-08 12:10:09,643 - SimpleLog4JLogSystem initialized using logfile 'velocity.log'
2020-11-08 12:10:09,643 - ************************************************************** 
2020-11-08 12:10:09,643 - Starting Jakarta Velocity v1.4
2020-11-08 12:10:09,643 - RuntimeInstance initializing.
2020-11-08 12:10:09,643 - Default Properties File: org\apache\velocity\runtime\defaults\velocity.properties
2020-11-08 12:10:09,643 - Trying to use logger class org.apache.velocity.runtime.log.SimpleLog4JLogSystem
2020-11-08 12:10:09,643 - Using logger class org.apache.velocity.runtime.log.SimpleLog4JLogSystem
2020-11-08 12:10:09,644 - Default ResourceManager initializing. (class org.apache.velocity.runtime.resource.ResourceManagerImpl)
2020-11-08 12:10:09,645 - Resource Loader Instantiated: org.apache.velocity.runtime.resource.loader.ClasspathResourceLoader
2020-11-08 12:10:09,645 - ClasspathResourceLoader : initialization starting.
2020-11-08 12:10:09,645 - ClasspathResourceLoader : initialization complete.
2020-11-08 12:10:09,645 - ResourceCache : initialized. (class org.apache.velocity.runtime.resource.ResourceCacheImpl)
2020-11-08 12:10:09,645 - Default ResourceManager initialization complete.
2020-11-08 12:10:09,646 - Loaded System Directive: org.apache.velocity.runtime.directive.Literal
2020-11-08 12:10:09,647 - Loaded System Directive: org.apache.velocity.runtime.directive.Macro
2020-11-08 12:10:09,647 - Loaded System Directive: org.apache.velocity.runtime.directive.Parse
2020-11-08 12:10:09,648 - Loaded System Directive: org.apache.velocity.runtime.directive.Include
2020-11-08 12:10:09,648 - Loaded System Directive: org.apache.velocity.runtime.directive.Foreach
2020-11-08 12:10:09,660 - Created: 20 parsers.
2020-11-08 12:10:09,662 - Velocimacro : initialization starting.
2020-11-08 12:10:09,662 - Velocimacro : adding VMs from VM library template : VM_global_library.vm
2020-11-08 12:10:09,664 - ResourceManager : unable to find resource 'VM_global_library.vm' in any resource loader.
2020-11-08 12:10:09,664 - Velocimacro : error using  VM library template VM_global_library.vm : org.apache.velocity.exception.ResourceNotFoundException: Unable to find resource 'VM_global_library.vm'
2020-11-08 12:10:09,664 - Velocimacro :  VM library template macro registration complete.
2020-11-08 12:10:09,664 - Velocimacro : allowInline = true : VMs can be defined inline in templates
2020-11-08 12:10:09,664 - Velocimacro : allowInlineToOverride = false : VMs defined inline may NOT replace previous VM definitions
2020-11-08 12:10:09,664 - Velocimacro : allowInlineLocal = false : VMs defined inline will be  global in scope if allowed.
2020-11-08 12:10:09,664 - Velocimacro : messages on  : VM system will output logging messages
2020-11-08 12:10:09,664 - Velocimacro : autoload off  : VM system will not automatically reload global library macros
2020-11-08 12:10:09,664 - Velocimacro : initialization complete.
2020-11-08 12:10:09,664 - Velocity successfully started.
